   0  $accept : %entry% $end

   1  program : defns EOF

   2  defns :
   3        | defns fdefn
   4        | defns cdefn
   5        | defns edefn
   6        | defns stmt

   7  fdefn : FUNC ID LPAREN args_opt RPAREN ARROW typ LBRACE stmt_list RBRACE

   8  cdefn : CLASS ID LBRACE fields_opt init_list methods_opt RBRACE

   9  edefn : ENUM ID LBRACE case_list RBRACE

  10  args_opt :
  11           | args_list

  12  args_list : ID COLON typ
  13            | args_list COMMA ID COLON typ

  14  fields_opt :
  15             | fields_list

  16  fields_list : VAR ID COLON typ assign_opt SEMI
  17              | fields_list VAR ID COLON typ assign_opt SEMI

  18  assign_opt :
  19             | ASSIGN expr

  20  init_list : INIT LPAREN args_opt RPAREN LBRACE stmt_list RBRACE
  21            | init_list INIT LPAREN args_opt RPAREN LBRACE stmt_list RBRACE

  22  methods_opt :
  23              | methods_list

  24  methods_list : fdefn
  25               | methods_list fdefn

  26  case_list : CASE ID SEMI
  27            | case_list CASE ID SEMI

  28  typ : INT
  29      | BOOL
  30      | FLOAT
  31      | CHAR
  32      | STRING
  33      | typ OPTIONAL
  34      | ID
  35      | LBRACKET typ RBRACKET

  36  stmt_list :
  37            | stmt_list stmt

  38  stmt : expr SEMI
  39       | VAR ID COLON typ ASSIGN expr SEMI
  40       | LET ID COLON typ ASSIGN expr SEMI
  41       | RETURN expr_opt SEMI
  42       | IF expr LBRACE stmt_list RBRACE
  43       | IF expr LBRACE stmt_list RBRACE ELSE LBRACE stmt_list RBRACE
  44       | IF LET ID COLON typ ASSIGN expr LBRACE stmt_list RBRACE ELSE LBRACE stmt_list RBRACE
  45       | WHILE expr LBRACE stmt_list RBRACE
  46       | FOR ID IN expr LBRACE stmt_list RBRACE

  47  expr_opt :
  48           | expr

  49  expr_list_opt :
  50                | expr_list

  51  expr_list : expr
  52            | expr_list COMMA expr

  53  literal : BOOLLIT
  54          | STRINGLIT
  55          | CHARLIT
  56          | INTLIT
  57          | FLOATLIT
  58          | LBRACKET lit_opt RBRACKET
  59          | NIL

  60  lit_opt :
  61          | lit_list

  62  lit_list : literal
  63           | lit_list COMMA literal

  64  expr : literal
  65       | ID
  66       | expr PLUS expr
  67       | expr MINUS expr
  68       | expr TIMES expr
  69       | expr DIVIDE expr
  70       | expr MOD expr
  71       | expr EQ expr
  72       | expr NEQ expr
  73       | expr LT expr
  74       | expr LEQ expr
  75       | expr GT expr
  76       | expr GEQ expr
  77       | expr AND expr
  78       | expr OR expr
  79       | expr ORANGE expr
  80       | expr CRANGE expr
  81       | MINUS expr
  82       | NOT expr
  83       | ID ASSIGN expr
  84       | ID LBRACKET expr RBRACKET
  85       | ID LBRACKET expr RBRACKET ASSIGN expr
  86       | ID LPAREN expr_list_opt RPAREN
  87       | ID DOT ID LPAREN expr_list_opt RPAREN
  88       | ID DOT ID

  89  %entry% : '\001' program

state 0
	$accept : . %entry% $end  (0)

	'\001'  shift 1
	.  error

	%entry%  goto 2


state 1
	%entry% : '\001' . program  (89)
	defns : .  (2)

	.  reduce 2

	program  goto 3
	defns  goto 4


state 2
	$accept : %entry% . $end  (0)

	$end  accept


state 3
	%entry% : '\001' program .  (89)

	.  reduce 89


state 4
	program : defns . EOF  (1)
	defns : defns . fdefn  (3)
	defns : defns . cdefn  (4)
	defns : defns . edefn  (5)
	defns : defns . stmt  (6)

	LBRACKET  shift 5
	MINUS  shift 6
	NOT  shift 7
	LET  shift 8
	VAR  shift 9
	IF  shift 10
	FOR  shift 11
	WHILE  shift 12
	RETURN  shift 13
	NIL  shift 14
	CLASS  shift 15
	FUNC  shift 16
	ENUM  shift 17
	BOOLLIT  shift 18
	INTLIT  shift 19
	CHARLIT  shift 20
	FLOATLIT  shift 21
	STRINGLIT  shift 22
	ID  shift 23
	EOF  shift 24
	.  error

	fdefn  goto 25
	cdefn  goto 26
	edefn  goto 27
	stmt  goto 28
	expr  goto 29
	literal  goto 30


state 5
	literal : LBRACKET . lit_opt RBRACKET  (58)
	lit_opt : .  (60)

	LBRACKET  shift 5
	NIL  shift 14
	BOOLLIT  shift 18
	INTLIT  shift 19
	CHARLIT  shift 20
	FLOATLIT  shift 21
	STRINGLIT  shift 22
	RBRACKET  reduce 60

	literal  goto 31
	lit_opt  goto 32
	lit_list  goto 33


state 6
	expr : MINUS . expr  (81)

	LBRACKET  shift 5
	MINUS  shift 6
	NOT  shift 7
	NIL  shift 14
	BOOLLIT  shift 18
	INTLIT  shift 19
	CHARLIT  shift 20
	FLOATLIT  shift 21
	STRINGLIT  shift 22
	ID  shift 23
	.  error

	expr  goto 34
	literal  goto 30


state 7
	expr : NOT . expr  (82)

	LBRACKET  shift 5
	MINUS  shift 6
	NOT  shift 7
	NIL  shift 14
	BOOLLIT  shift 18
	INTLIT  shift 19
	CHARLIT  shift 20
	FLOATLIT  shift 21
	STRINGLIT  shift 22
	ID  shift 23
	.  error

	expr  goto 35
	literal  goto 30


state 8
	stmt : LET . ID COLON typ ASSIGN expr SEMI  (40)

	ID  shift 36
	.  error


state 9
	stmt : VAR . ID COLON typ ASSIGN expr SEMI  (39)

	ID  shift 37
	.  error


state 10
	stmt : IF . expr LBRACE stmt_list RBRACE  (42)
	stmt : IF . expr LBRACE stmt_list RBRACE ELSE LBRACE stmt_list RBRACE  (43)
	stmt : IF . LET ID COLON typ ASSIGN expr LBRACE stmt_list RBRACE ELSE LBRACE stmt_list RBRACE  (44)

	LBRACKET  shift 5
	MINUS  shift 6
	NOT  shift 7
	LET  shift 38
	NIL  shift 14
	BOOLLIT  shift 18
	INTLIT  shift 19
	CHARLIT  shift 20
	FLOATLIT  shift 21
	STRINGLIT  shift 22
	ID  shift 23
	.  error

	expr  goto 39
	literal  goto 30


state 11
	stmt : FOR . ID IN expr LBRACE stmt_list RBRACE  (46)

	ID  shift 40
	.  error


state 12
	stmt : WHILE . expr LBRACE stmt_list RBRACE  (45)

	LBRACKET  shift 5
	MINUS  shift 6
	NOT  shift 7
	NIL  shift 14
	BOOLLIT  shift 18
	INTLIT  shift 19
	CHARLIT  shift 20
	FLOATLIT  shift 21
	STRINGLIT  shift 22
	ID  shift 23
	.  error

	expr  goto 41
	literal  goto 30


state 13
	stmt : RETURN . expr_opt SEMI  (41)
	expr_opt : .  (47)

	LBRACKET  shift 5
	MINUS  shift 6
	NOT  shift 7
	NIL  shift 14
	BOOLLIT  shift 18
	INTLIT  shift 19
	CHARLIT  shift 20
	FLOATLIT  shift 21
	STRINGLIT  shift 22
	ID  shift 23
	SEMI  reduce 47

	expr  goto 42
	expr_opt  goto 43
	literal  goto 30


state 14
	literal : NIL .  (59)

	.  reduce 59


state 15
	cdefn : CLASS . ID LBRACE fields_opt init_list methods_opt RBRACE  (8)

	ID  shift 44
	.  error


state 16
	fdefn : FUNC . ID LPAREN args_opt RPAREN ARROW typ LBRACE stmt_list RBRACE  (7)

	ID  shift 45
	.  error


state 17
	edefn : ENUM . ID LBRACE case_list RBRACE  (9)

	ID  shift 46
	.  error


state 18
	literal : BOOLLIT .  (53)

	.  reduce 53


state 19
	literal : INTLIT .  (56)

	.  reduce 56


state 20
	literal : CHARLIT .  (55)

	.  reduce 55


state 21
	literal : FLOATLIT .  (57)

	.  reduce 57


state 22
	literal : STRINGLIT .  (54)

	.  reduce 54


state 23
	expr : ID .  (65)
	expr : ID . ASSIGN expr  (83)
	expr : ID . LBRACKET expr RBRACKET  (84)
	expr : ID . LBRACKET expr RBRACKET ASSIGN expr  (85)
	expr : ID . LPAREN expr_list_opt RPAREN  (86)
	expr : ID . DOT ID LPAREN expr_list_opt RPAREN  (87)
	expr : ID . DOT ID  (88)

	LPAREN  shift 47
	LBRACKET  shift 48
	ASSIGN  shift 49
	DOT  shift 50
	RPAREN  reduce 65
	LBRACE  reduce 65
	RBRACKET  reduce 65
	COMMA  reduce 65
	SEMI  reduce 65
	PLUS  reduce 65
	MINUS  reduce 65
	TIMES  reduce 65
	DIVIDE  reduce 65
	MOD  reduce 65
	EQ  reduce 65
	NEQ  reduce 65
	LT  reduce 65
	LEQ  reduce 65
	GT  reduce 65
	GEQ  reduce 65
	AND  reduce 65
	OR  reduce 65
	ORANGE  reduce 65
	CRANGE  reduce 65


state 24
	program : defns EOF .  (1)

	.  reduce 1


state 25
	defns : defns fdefn .  (3)

	.  reduce 3


state 26
	defns : defns cdefn .  (4)

	.  reduce 4


state 27
	defns : defns edefn .  (5)

	.  reduce 5


state 28
	defns : defns stmt .  (6)

	.  reduce 6


state 29
	stmt : expr . SEMI  (38)
	expr : expr . PLUS expr  (66)
	expr : expr . MINUS expr  (67)
	expr : expr . TIMES expr  (68)
	expr : expr . DIVIDE expr  (69)
	expr : expr . MOD expr  (70)
	expr : expr . EQ expr  (71)
	expr : expr . NEQ expr  (72)
	expr : expr . LT expr  (73)
	expr : expr . LEQ expr  (74)
	expr : expr . GT expr  (75)
	expr : expr . GEQ expr  (76)
	expr : expr . AND expr  (77)
	expr : expr . OR expr  (78)
	expr : expr . ORANGE expr  (79)
	expr : expr . CRANGE expr  (80)

	SEMI  shift 51
	PLUS  shift 52
	MINUS  shift 53
	TIMES  shift 54
	DIVIDE  shift 55
	MOD  shift 56
	EQ  shift 57
	NEQ  shift 58
	LT  shift 59
	LEQ  shift 60
	GT  shift 61
	GEQ  shift 62
	AND  shift 63
	OR  shift 64
	ORANGE  shift 65
	CRANGE  shift 66
	.  error


state 30
	expr : literal .  (64)

	.  reduce 64


state 31
	lit_list : literal .  (62)

	.  reduce 62


state 32
	literal : LBRACKET lit_opt . RBRACKET  (58)

	RBRACKET  shift 67
	.  error


state 33
	lit_opt : lit_list .  (61)
	lit_list : lit_list . COMMA literal  (63)

	COMMA  shift 68
	RBRACKET  reduce 61


state 34
	expr : expr . PLUS expr  (66)
	expr : expr . MINUS expr  (67)
	expr : expr . TIMES expr  (68)
	expr : expr . DIVIDE expr  (69)
	expr : expr . MOD expr  (70)
	expr : expr . EQ expr  (71)
	expr : expr . NEQ expr  (72)
	expr : expr . LT expr  (73)
	expr : expr . LEQ expr  (74)
	expr : expr . GT expr  (75)
	expr : expr . GEQ expr  (76)
	expr : expr . AND expr  (77)
	expr : expr . OR expr  (78)
	expr : expr . ORANGE expr  (79)
	expr : expr . CRANGE expr  (80)
	expr : MINUS expr .  (81)

	.  reduce 81


state 35
	expr : expr . PLUS expr  (66)
	expr : expr . MINUS expr  (67)
	expr : expr . TIMES expr  (68)
	expr : expr . DIVIDE expr  (69)
	expr : expr . MOD expr  (70)
	expr : expr . EQ expr  (71)
	expr : expr . NEQ expr  (72)
	expr : expr . LT expr  (73)
	expr : expr . LEQ expr  (74)
	expr : expr . GT expr  (75)
	expr : expr . GEQ expr  (76)
	expr : expr . AND expr  (77)
	expr : expr . OR expr  (78)
	expr : expr . ORANGE expr  (79)
	expr : expr . CRANGE expr  (80)
	expr : NOT expr .  (82)

	.  reduce 82


state 36
	stmt : LET ID . COLON typ ASSIGN expr SEMI  (40)

	COLON  shift 69
	.  error


state 37
	stmt : VAR ID . COLON typ ASSIGN expr SEMI  (39)

	COLON  shift 70
	.  error


state 38
	stmt : IF LET . ID COLON typ ASSIGN expr LBRACE stmt_list RBRACE ELSE LBRACE stmt_list RBRACE  (44)

	ID  shift 71
	.  error


state 39
	stmt : IF expr . LBRACE stmt_list RBRACE  (42)
	stmt : IF expr . LBRACE stmt_list RBRACE ELSE LBRACE stmt_list RBRACE  (43)
	expr : expr . PLUS expr  (66)
	expr : expr . MINUS expr  (67)
	expr : expr . TIMES expr  (68)
	expr : expr . DIVIDE expr  (69)
	expr : expr . MOD expr  (70)
	expr : expr . EQ expr  (71)
	expr : expr . NEQ expr  (72)
	expr : expr . LT expr  (73)
	expr : expr . LEQ expr  (74)
	expr : expr . GT expr  (75)
	expr : expr . GEQ expr  (76)
	expr : expr . AND expr  (77)
	expr : expr . OR expr  (78)
	expr : expr . ORANGE expr  (79)
	expr : expr . CRANGE expr  (80)

	LBRACE  shift 72
	PLUS  shift 52
	MINUS  shift 53
	TIMES  shift 54
	DIVIDE  shift 55
	MOD  shift 56
	EQ  shift 57
	NEQ  shift 58
	LT  shift 59
	LEQ  shift 60
	GT  shift 61
	GEQ  shift 62
	AND  shift 63
	OR  shift 64
	ORANGE  shift 65
	CRANGE  shift 66
	.  error


state 40
	stmt : FOR ID . IN expr LBRACE stmt_list RBRACE  (46)

	IN  shift 73
	.  error


state 41
	stmt : WHILE expr . LBRACE stmt_list RBRACE  (45)
	expr : expr . PLUS expr  (66)
	expr : expr . MINUS expr  (67)
	expr : expr . TIMES expr  (68)
	expr : expr . DIVIDE expr  (69)
	expr : expr . MOD expr  (70)
	expr : expr . EQ expr  (71)
	expr : expr . NEQ expr  (72)
	expr : expr . LT expr  (73)
	expr : expr . LEQ expr  (74)
	expr : expr . GT expr  (75)
	expr : expr . GEQ expr  (76)
	expr : expr . AND expr  (77)
	expr : expr . OR expr  (78)
	expr : expr . ORANGE expr  (79)
	expr : expr . CRANGE expr  (80)

	LBRACE  shift 74
	PLUS  shift 52
	MINUS  shift 53
	TIMES  shift 54
	DIVIDE  shift 55
	MOD  shift 56
	EQ  shift 57
	NEQ  shift 58
	LT  shift 59
	LEQ  shift 60
	GT  shift 61
	GEQ  shift 62
	AND  shift 63
	OR  shift 64
	ORANGE  shift 65
	CRANGE  shift 66
	.  error


state 42
	expr_opt : expr .  (48)
	expr : expr . PLUS expr  (66)
	expr : expr . MINUS expr  (67)
	expr : expr . TIMES expr  (68)
	expr : expr . DIVIDE expr  (69)
	expr : expr . MOD expr  (70)
	expr : expr . EQ expr  (71)
	expr : expr . NEQ expr  (72)
	expr : expr . LT expr  (73)
	expr : expr . LEQ expr  (74)
	expr : expr . GT expr  (75)
	expr : expr . GEQ expr  (76)
	expr : expr . AND expr  (77)
	expr : expr . OR expr  (78)
	expr : expr . ORANGE expr  (79)
	expr : expr . CRANGE expr  (80)

	PLUS  shift 52
	MINUS  shift 53
	TIMES  shift 54
	DIVIDE  shift 55
	MOD  shift 56
	EQ  shift 57
	NEQ  shift 58
	LT  shift 59
	LEQ  shift 60
	GT  shift 61
	GEQ  shift 62
	AND  shift 63
	OR  shift 64
	ORANGE  shift 65
	CRANGE  shift 66
	SEMI  reduce 48


state 43
	stmt : RETURN expr_opt . SEMI  (41)

	SEMI  shift 75
	.  error


state 44
	cdefn : CLASS ID . LBRACE fields_opt init_list methods_opt RBRACE  (8)

	LBRACE  shift 76
	.  error


state 45
	fdefn : FUNC ID . LPAREN args_opt RPAREN ARROW typ LBRACE stmt_list RBRACE  (7)

	LPAREN  shift 77
	.  error


state 46
	edefn : ENUM ID . LBRACE case_list RBRACE  (9)

	LBRACE  shift 78
	.  error


state 47
	expr : ID LPAREN . expr_list_opt RPAREN  (86)
	expr_list_opt : .  (49)

	LBRACKET  shift 5
	MINUS  shift 6
	NOT  shift 7
	NIL  shift 14
	BOOLLIT  shift 18
	INTLIT  shift 19
	CHARLIT  shift 20
	FLOATLIT  shift 21
	STRINGLIT  shift 22
	ID  shift 23
	RPAREN  reduce 49

	expr  goto 79
	expr_list_opt  goto 80
	expr_list  goto 81
	literal  goto 30


state 48
	expr : ID LBRACKET . expr RBRACKET  (84)
	expr : ID LBRACKET . expr RBRACKET ASSIGN expr  (85)

	LBRACKET  shift 5
	MINUS  shift 6
	NOT  shift 7
	NIL  shift 14
	BOOLLIT  shift 18
	INTLIT  shift 19
	CHARLIT  shift 20
	FLOATLIT  shift 21
	STRINGLIT  shift 22
	ID  shift 23
	.  error

	expr  goto 82
	literal  goto 30


state 49
	expr : ID ASSIGN . expr  (83)

	LBRACKET  shift 5
	MINUS  shift 6
	NOT  shift 7
	NIL  shift 14
	BOOLLIT  shift 18
	INTLIT  shift 19
	CHARLIT  shift 20
	FLOATLIT  shift 21
	STRINGLIT  shift 22
	ID  shift 23
	.  error

	expr  goto 83
	literal  goto 30


state 50
	expr : ID DOT . ID LPAREN expr_list_opt RPAREN  (87)
	expr : ID DOT . ID  (88)

	ID  shift 84
	.  error


state 51
	stmt : expr SEMI .  (38)

	.  reduce 38


state 52
	expr : expr PLUS . expr  (66)

	LBRACKET  shift 5
	MINUS  shift 6
	NOT  shift 7
	NIL  shift 14
	BOOLLIT  shift 18
	INTLIT  shift 19
	CHARLIT  shift 20
	FLOATLIT  shift 21
	STRINGLIT  shift 22
	ID  shift 23
	.  error

	expr  goto 85
	literal  goto 30


state 53
	expr : expr MINUS . expr  (67)

	LBRACKET  shift 5
	MINUS  shift 6
	NOT  shift 7
	NIL  shift 14
	BOOLLIT  shift 18
	INTLIT  shift 19
	CHARLIT  shift 20
	FLOATLIT  shift 21
	STRINGLIT  shift 22
	ID  shift 23
	.  error

	expr  goto 86
	literal  goto 30


state 54
	expr : expr TIMES . expr  (68)

	LBRACKET  shift 5
	MINUS  shift 6
	NOT  shift 7
	NIL  shift 14
	BOOLLIT  shift 18
	INTLIT  shift 19
	CHARLIT  shift 20
	FLOATLIT  shift 21
	STRINGLIT  shift 22
	ID  shift 23
	.  error

	expr  goto 87
	literal  goto 30


state 55
	expr : expr DIVIDE . expr  (69)

	LBRACKET  shift 5
	MINUS  shift 6
	NOT  shift 7
	NIL  shift 14
	BOOLLIT  shift 18
	INTLIT  shift 19
	CHARLIT  shift 20
	FLOATLIT  shift 21
	STRINGLIT  shift 22
	ID  shift 23
	.  error

	expr  goto 88
	literal  goto 30


state 56
	expr : expr MOD . expr  (70)

	LBRACKET  shift 5
	MINUS  shift 6
	NOT  shift 7
	NIL  shift 14
	BOOLLIT  shift 18
	INTLIT  shift 19
	CHARLIT  shift 20
	FLOATLIT  shift 21
	STRINGLIT  shift 22
	ID  shift 23
	.  error

	expr  goto 89
	literal  goto 30


state 57
	expr : expr EQ . expr  (71)

	LBRACKET  shift 5
	MINUS  shift 6
	NOT  shift 7
	NIL  shift 14
	BOOLLIT  shift 18
	INTLIT  shift 19
	CHARLIT  shift 20
	FLOATLIT  shift 21
	STRINGLIT  shift 22
	ID  shift 23
	.  error

	expr  goto 90
	literal  goto 30


state 58
	expr : expr NEQ . expr  (72)

	LBRACKET  shift 5
	MINUS  shift 6
	NOT  shift 7
	NIL  shift 14
	BOOLLIT  shift 18
	INTLIT  shift 19
	CHARLIT  shift 20
	FLOATLIT  shift 21
	STRINGLIT  shift 22
	ID  shift 23
	.  error

	expr  goto 91
	literal  goto 30


state 59
	expr : expr LT . expr  (73)

	LBRACKET  shift 5
	MINUS  shift 6
	NOT  shift 7
	NIL  shift 14
	BOOLLIT  shift 18
	INTLIT  shift 19
	CHARLIT  shift 20
	FLOATLIT  shift 21
	STRINGLIT  shift 22
	ID  shift 23
	.  error

	expr  goto 92
	literal  goto 30


state 60
	expr : expr LEQ . expr  (74)

	LBRACKET  shift 5
	MINUS  shift 6
	NOT  shift 7
	NIL  shift 14
	BOOLLIT  shift 18
	INTLIT  shift 19
	CHARLIT  shift 20
	FLOATLIT  shift 21
	STRINGLIT  shift 22
	ID  shift 23
	.  error

	expr  goto 93
	literal  goto 30


state 61
	expr : expr GT . expr  (75)

	LBRACKET  shift 5
	MINUS  shift 6
	NOT  shift 7
	NIL  shift 14
	BOOLLIT  shift 18
	INTLIT  shift 19
	CHARLIT  shift 20
	FLOATLIT  shift 21
	STRINGLIT  shift 22
	ID  shift 23
	.  error

	expr  goto 94
	literal  goto 30


state 62
	expr : expr GEQ . expr  (76)

	LBRACKET  shift 5
	MINUS  shift 6
	NOT  shift 7
	NIL  shift 14
	BOOLLIT  shift 18
	INTLIT  shift 19
	CHARLIT  shift 20
	FLOATLIT  shift 21
	STRINGLIT  shift 22
	ID  shift 23
	.  error

	expr  goto 95
	literal  goto 30


state 63
	expr : expr AND . expr  (77)

	LBRACKET  shift 5
	MINUS  shift 6
	NOT  shift 7
	NIL  shift 14
	BOOLLIT  shift 18
	INTLIT  shift 19
	CHARLIT  shift 20
	FLOATLIT  shift 21
	STRINGLIT  shift 22
	ID  shift 23
	.  error

	expr  goto 96
	literal  goto 30


state 64
	expr : expr OR . expr  (78)

	LBRACKET  shift 5
	MINUS  shift 6
	NOT  shift 7
	NIL  shift 14
	BOOLLIT  shift 18
	INTLIT  shift 19
	CHARLIT  shift 20
	FLOATLIT  shift 21
	STRINGLIT  shift 22
	ID  shift 23
	.  error

	expr  goto 97
	literal  goto 30


state 65
	expr : expr ORANGE . expr  (79)

	LBRACKET  shift 5
	MINUS  shift 6
	NOT  shift 7
	NIL  shift 14
	BOOLLIT  shift 18
	INTLIT  shift 19
	CHARLIT  shift 20
	FLOATLIT  shift 21
	STRINGLIT  shift 22
	ID  shift 23
	.  error

	expr  goto 98
	literal  goto 30


state 66
	expr : expr CRANGE . expr  (80)

	LBRACKET  shift 5
	MINUS  shift 6
	NOT  shift 7
	NIL  shift 14
	BOOLLIT  shift 18
	INTLIT  shift 19
	CHARLIT  shift 20
	FLOATLIT  shift 21
	STRINGLIT  shift 22
	ID  shift 23
	.  error

	expr  goto 99
	literal  goto 30


state 67
	literal : LBRACKET lit_opt RBRACKET .  (58)

	.  reduce 58


state 68
	lit_list : lit_list COMMA . literal  (63)

	LBRACKET  shift 5
	NIL  shift 14
	BOOLLIT  shift 18
	INTLIT  shift 19
	CHARLIT  shift 20
	FLOATLIT  shift 21
	STRINGLIT  shift 22
	.  error

	literal  goto 100


state 69
	stmt : LET ID COLON . typ ASSIGN expr SEMI  (40)

	LBRACKET  shift 101
	INT  shift 102
	FLOAT  shift 103
	CHAR  shift 104
	STRING  shift 105
	BOOL  shift 106
	ID  shift 107
	.  error

	typ  goto 108


state 70
	stmt : VAR ID COLON . typ ASSIGN expr SEMI  (39)

	LBRACKET  shift 101
	INT  shift 102
	FLOAT  shift 103
	CHAR  shift 104
	STRING  shift 105
	BOOL  shift 106
	ID  shift 107
	.  error

	typ  goto 109


state 71
	stmt : IF LET ID . COLON typ ASSIGN expr LBRACE stmt_list RBRACE ELSE LBRACE stmt_list RBRACE  (44)

	COLON  shift 110
	.  error


state 72
	stmt : IF expr LBRACE . stmt_list RBRACE  (42)
	stmt : IF expr LBRACE . stmt_list RBRACE ELSE LBRACE stmt_list RBRACE  (43)
	stmt_list : .  (36)

	.  reduce 36

	stmt_list  goto 111


state 73
	stmt : FOR ID IN . expr LBRACE stmt_list RBRACE  (46)

	LBRACKET  shift 5
	MINUS  shift 6
	NOT  shift 7
	NIL  shift 14
	BOOLLIT  shift 18
	INTLIT  shift 19
	CHARLIT  shift 20
	FLOATLIT  shift 21
	STRINGLIT  shift 22
	ID  shift 23
	.  error

	expr  goto 112
	literal  goto 30


state 74
	stmt : WHILE expr LBRACE . stmt_list RBRACE  (45)
	stmt_list : .  (36)

	.  reduce 36

	stmt_list  goto 113


state 75
	stmt : RETURN expr_opt SEMI .  (41)

	.  reduce 41


state 76
	cdefn : CLASS ID LBRACE . fields_opt init_list methods_opt RBRACE  (8)
	fields_opt : .  (14)

	VAR  shift 114
	INIT  reduce 14

	fields_opt  goto 115
	fields_list  goto 116


state 77
	fdefn : FUNC ID LPAREN . args_opt RPAREN ARROW typ LBRACE stmt_list RBRACE  (7)
	args_opt : .  (10)

	ID  shift 117
	RPAREN  reduce 10

	args_opt  goto 118
	args_list  goto 119


state 78
	edefn : ENUM ID LBRACE . case_list RBRACE  (9)

	CASE  shift 120
	.  error

	case_list  goto 121


state 79
	expr_list : expr .  (51)
	expr : expr . PLUS expr  (66)
	expr : expr . MINUS expr  (67)
	expr : expr . TIMES expr  (68)
	expr : expr . DIVIDE expr  (69)
	expr : expr . MOD expr  (70)
	expr : expr . EQ expr  (71)
	expr : expr . NEQ expr  (72)
	expr : expr . LT expr  (73)
	expr : expr . LEQ expr  (74)
	expr : expr . GT expr  (75)
	expr : expr . GEQ expr  (76)
	expr : expr . AND expr  (77)
	expr : expr . OR expr  (78)
	expr : expr . ORANGE expr  (79)
	expr : expr . CRANGE expr  (80)

	PLUS  shift 52
	MINUS  shift 53
	TIMES  shift 54
	DIVIDE  shift 55
	MOD  shift 56
	EQ  shift 57
	NEQ  shift 58
	LT  shift 59
	LEQ  shift 60
	GT  shift 61
	GEQ  shift 62
	AND  shift 63
	OR  shift 64
	ORANGE  shift 65
	CRANGE  shift 66
	RPAREN  reduce 51
	COMMA  reduce 51


state 80
	expr : ID LPAREN expr_list_opt . RPAREN  (86)

	RPAREN  shift 122
	.  error


state 81
	expr_list_opt : expr_list .  (50)
	expr_list : expr_list . COMMA expr  (52)

	COMMA  shift 123
	RPAREN  reduce 50


state 82
	expr : expr . PLUS expr  (66)
	expr : expr . MINUS expr  (67)
	expr : expr . TIMES expr  (68)
	expr : expr . DIVIDE expr  (69)
	expr : expr . MOD expr  (70)
	expr : expr . EQ expr  (71)
	expr : expr . NEQ expr  (72)
	expr : expr . LT expr  (73)
	expr : expr . LEQ expr  (74)
	expr : expr . GT expr  (75)
	expr : expr . GEQ expr  (76)
	expr : expr . AND expr  (77)
	expr : expr . OR expr  (78)
	expr : expr . ORANGE expr  (79)
	expr : expr . CRANGE expr  (80)
	expr : ID LBRACKET expr . RBRACKET  (84)
	expr : ID LBRACKET expr . RBRACKET ASSIGN expr  (85)

	RBRACKET  shift 124
	PLUS  shift 52
	MINUS  shift 53
	TIMES  shift 54
	DIVIDE  shift 55
	MOD  shift 56
	EQ  shift 57
	NEQ  shift 58
	LT  shift 59
	LEQ  shift 60
	GT  shift 61
	GEQ  shift 62
	AND  shift 63
	OR  shift 64
	ORANGE  shift 65
	CRANGE  shift 66
	.  error


state 83
	expr : expr . PLUS expr  (66)
	expr : expr . MINUS expr  (67)
	expr : expr . TIMES expr  (68)
	expr : expr . DIVIDE expr  (69)
	expr : expr . MOD expr  (70)
	expr : expr . EQ expr  (71)
	expr : expr . NEQ expr  (72)
	expr : expr . LT expr  (73)
	expr : expr . LEQ expr  (74)
	expr : expr . GT expr  (75)
	expr : expr . GEQ expr  (76)
	expr : expr . AND expr  (77)
	expr : expr . OR expr  (78)
	expr : expr . ORANGE expr  (79)
	expr : expr . CRANGE expr  (80)
	expr : ID ASSIGN expr .  (83)

	PLUS  shift 52
	MINUS  shift 53
	TIMES  shift 54
	DIVIDE  shift 55
	MOD  shift 56
	EQ  shift 57
	NEQ  shift 58
	LT  shift 59
	LEQ  shift 60
	GT  shift 61
	GEQ  shift 62
	AND  shift 63
	OR  shift 64
	ORANGE  shift 65
	CRANGE  shift 66
	RPAREN  reduce 83
	LBRACE  reduce 83
	RBRACKET  reduce 83
	COMMA  reduce 83
	SEMI  reduce 83


state 84
	expr : ID DOT ID . LPAREN expr_list_opt RPAREN  (87)
	expr : ID DOT ID .  (88)

	LPAREN  shift 125
	RPAREN  reduce 88
	LBRACE  reduce 88
	RBRACKET  reduce 88
	COMMA  reduce 88
	SEMI  reduce 88
	PLUS  reduce 88
	MINUS  reduce 88
	TIMES  reduce 88
	DIVIDE  reduce 88
	MOD  reduce 88
	EQ  reduce 88
	NEQ  reduce 88
	LT  reduce 88
	LEQ  reduce 88
	GT  reduce 88
	GEQ  reduce 88
	AND  reduce 88
	OR  reduce 88
	ORANGE  reduce 88
	CRANGE  reduce 88


state 85
	expr : expr . PLUS expr  (66)
	expr : expr PLUS expr .  (66)
	expr : expr . MINUS expr  (67)
	expr : expr . TIMES expr  (68)
	expr : expr . DIVIDE expr  (69)
	expr : expr . MOD expr  (70)
	expr : expr . EQ expr  (71)
	expr : expr . NEQ expr  (72)
	expr : expr . LT expr  (73)
	expr : expr . LEQ expr  (74)
	expr : expr . GT expr  (75)
	expr : expr . GEQ expr  (76)
	expr : expr . AND expr  (77)
	expr : expr . OR expr  (78)
	expr : expr . ORANGE expr  (79)
	expr : expr . CRANGE expr  (80)

	TIMES  shift 54
	DIVIDE  shift 55
	MOD  shift 56
	RPAREN  reduce 66
	LBRACE  reduce 66
	RBRACKET  reduce 66
	COMMA  reduce 66
	SEMI  reduce 66
	PLUS  reduce 66
	MINUS  reduce 66
	EQ  reduce 66
	NEQ  reduce 66
	LT  reduce 66
	LEQ  reduce 66
	GT  reduce 66
	GEQ  reduce 66
	AND  reduce 66
	OR  reduce 66
	ORANGE  reduce 66
	CRANGE  reduce 66


state 86
	expr : expr . PLUS expr  (66)
	expr : expr . MINUS expr  (67)
	expr : expr MINUS expr .  (67)
	expr : expr . TIMES expr  (68)
	expr : expr . DIVIDE expr  (69)
	expr : expr . MOD expr  (70)
	expr : expr . EQ expr  (71)
	expr : expr . NEQ expr  (72)
	expr : expr . LT expr  (73)
	expr : expr . LEQ expr  (74)
	expr : expr . GT expr  (75)
	expr : expr . GEQ expr  (76)
	expr : expr . AND expr  (77)
	expr : expr . OR expr  (78)
	expr : expr . ORANGE expr  (79)
	expr : expr . CRANGE expr  (80)

	TIMES  shift 54
	DIVIDE  shift 55
	MOD  shift 56
	RPAREN  reduce 67
	LBRACE  reduce 67
	RBRACKET  reduce 67
	COMMA  reduce 67
	SEMI  reduce 67
	PLUS  reduce 67
	MINUS  reduce 67
	EQ  reduce 67
	NEQ  reduce 67
	LT  reduce 67
	LEQ  reduce 67
	GT  reduce 67
	GEQ  reduce 67
	AND  reduce 67
	OR  reduce 67
	ORANGE  reduce 67
	CRANGE  reduce 67


state 87
	expr : expr . PLUS expr  (66)
	expr : expr . MINUS expr  (67)
	expr : expr . TIMES expr  (68)
	expr : expr TIMES expr .  (68)
	expr : expr . DIVIDE expr  (69)
	expr : expr . MOD expr  (70)
	expr : expr . EQ expr  (71)
	expr : expr . NEQ expr  (72)
	expr : expr . LT expr  (73)
	expr : expr . LEQ expr  (74)
	expr : expr . GT expr  (75)
	expr : expr . GEQ expr  (76)
	expr : expr . AND expr  (77)
	expr : expr . OR expr  (78)
	expr : expr . ORANGE expr  (79)
	expr : expr . CRANGE expr  (80)

	.  reduce 68


state 88
	expr : expr . PLUS expr  (66)
	expr : expr . MINUS expr  (67)
	expr : expr . TIMES expr  (68)
	expr : expr . DIVIDE expr  (69)
	expr : expr DIVIDE expr .  (69)
	expr : expr . MOD expr  (70)
	expr : expr . EQ expr  (71)
	expr : expr . NEQ expr  (72)
	expr : expr . LT expr  (73)
	expr : expr . LEQ expr  (74)
	expr : expr . GT expr  (75)
	expr : expr . GEQ expr  (76)
	expr : expr . AND expr  (77)
	expr : expr . OR expr  (78)
	expr : expr . ORANGE expr  (79)
	expr : expr . CRANGE expr  (80)

	.  reduce 69


state 89
	expr : expr . PLUS expr  (66)
	expr : expr . MINUS expr  (67)
	expr : expr . TIMES expr  (68)
	expr : expr . DIVIDE expr  (69)
	expr : expr . MOD expr  (70)
	expr : expr MOD expr .  (70)
	expr : expr . EQ expr  (71)
	expr : expr . NEQ expr  (72)
	expr : expr . LT expr  (73)
	expr : expr . LEQ expr  (74)
	expr : expr . GT expr  (75)
	expr : expr . GEQ expr  (76)
	expr : expr . AND expr  (77)
	expr : expr . OR expr  (78)
	expr : expr . ORANGE expr  (79)
	expr : expr . CRANGE expr  (80)

	.  reduce 70


state 90
	expr : expr . PLUS expr  (66)
	expr : expr . MINUS expr  (67)
	expr : expr . TIMES expr  (68)
	expr : expr . DIVIDE expr  (69)
	expr : expr . MOD expr  (70)
	expr : expr . EQ expr  (71)
	expr : expr EQ expr .  (71)
	expr : expr . NEQ expr  (72)
	expr : expr . LT expr  (73)
	expr : expr . LEQ expr  (74)
	expr : expr . GT expr  (75)
	expr : expr . GEQ expr  (76)
	expr : expr . AND expr  (77)
	expr : expr . OR expr  (78)
	expr : expr . ORANGE expr  (79)
	expr : expr . CRANGE expr  (80)

	PLUS  shift 52
	MINUS  shift 53
	TIMES  shift 54
	DIVIDE  shift 55
	MOD  shift 56
	LT  shift 59
	LEQ  shift 60
	GT  shift 61
	GEQ  shift 62
	ORANGE  shift 65
	CRANGE  shift 66
	RPAREN  reduce 71
	LBRACE  reduce 71
	RBRACKET  reduce 71
	COMMA  reduce 71
	SEMI  reduce 71
	EQ  reduce 71
	NEQ  reduce 71
	AND  reduce 71
	OR  reduce 71


state 91
	expr : expr . PLUS expr  (66)
	expr : expr . MINUS expr  (67)
	expr : expr . TIMES expr  (68)
	expr : expr . DIVIDE expr  (69)
	expr : expr . MOD expr  (70)
	expr : expr . EQ expr  (71)
	expr : expr . NEQ expr  (72)
	expr : expr NEQ expr .  (72)
	expr : expr . LT expr  (73)
	expr : expr . LEQ expr  (74)
	expr : expr . GT expr  (75)
	expr : expr . GEQ expr  (76)
	expr : expr . AND expr  (77)
	expr : expr . OR expr  (78)
	expr : expr . ORANGE expr  (79)
	expr : expr . CRANGE expr  (80)

	PLUS  shift 52
	MINUS  shift 53
	TIMES  shift 54
	DIVIDE  shift 55
	MOD  shift 56
	LT  shift 59
	LEQ  shift 60
	GT  shift 61
	GEQ  shift 62
	ORANGE  shift 65
	CRANGE  shift 66
	RPAREN  reduce 72
	LBRACE  reduce 72
	RBRACKET  reduce 72
	COMMA  reduce 72
	SEMI  reduce 72
	EQ  reduce 72
	NEQ  reduce 72
	AND  reduce 72
	OR  reduce 72


state 92
	expr : expr . PLUS expr  (66)
	expr : expr . MINUS expr  (67)
	expr : expr . TIMES expr  (68)
	expr : expr . DIVIDE expr  (69)
	expr : expr . MOD expr  (70)
	expr : expr . EQ expr  (71)
	expr : expr . NEQ expr  (72)
	expr : expr . LT expr  (73)
	expr : expr LT expr .  (73)
	expr : expr . LEQ expr  (74)
	expr : expr . GT expr  (75)
	expr : expr . GEQ expr  (76)
	expr : expr . AND expr  (77)
	expr : expr . OR expr  (78)
	expr : expr . ORANGE expr  (79)
	expr : expr . CRANGE expr  (80)

	PLUS  shift 52
	MINUS  shift 53
	TIMES  shift 54
	DIVIDE  shift 55
	MOD  shift 56
	RPAREN  reduce 73
	LBRACE  reduce 73
	RBRACKET  reduce 73
	COMMA  reduce 73
	SEMI  reduce 73
	EQ  reduce 73
	NEQ  reduce 73
	LT  reduce 73
	LEQ  reduce 73
	GT  reduce 73
	GEQ  reduce 73
	AND  reduce 73
	OR  reduce 73
	ORANGE  reduce 73
	CRANGE  reduce 73


state 93
	expr : expr . PLUS expr  (66)
	expr : expr . MINUS expr  (67)
	expr : expr . TIMES expr  (68)
	expr : expr . DIVIDE expr  (69)
	expr : expr . MOD expr  (70)
	expr : expr . EQ expr  (71)
	expr : expr . NEQ expr  (72)
	expr : expr . LT expr  (73)
	expr : expr . LEQ expr  (74)
	expr : expr LEQ expr .  (74)
	expr : expr . GT expr  (75)
	expr : expr . GEQ expr  (76)
	expr : expr . AND expr  (77)
	expr : expr . OR expr  (78)
	expr : expr . ORANGE expr  (79)
	expr : expr . CRANGE expr  (80)

	PLUS  shift 52
	MINUS  shift 53
	TIMES  shift 54
	DIVIDE  shift 55
	MOD  shift 56
	RPAREN  reduce 74
	LBRACE  reduce 74
	RBRACKET  reduce 74
	COMMA  reduce 74
	SEMI  reduce 74
	EQ  reduce 74
	NEQ  reduce 74
	LT  reduce 74
	LEQ  reduce 74
	GT  reduce 74
	GEQ  reduce 74
	AND  reduce 74
	OR  reduce 74
	ORANGE  reduce 74
	CRANGE  reduce 74


state 94
	expr : expr . PLUS expr  (66)
	expr : expr . MINUS expr  (67)
	expr : expr . TIMES expr  (68)
	expr : expr . DIVIDE expr  (69)
	expr : expr . MOD expr  (70)
	expr : expr . EQ expr  (71)
	expr : expr . NEQ expr  (72)
	expr : expr . LT expr  (73)
	expr : expr . LEQ expr  (74)
	expr : expr . GT expr  (75)
	expr : expr GT expr .  (75)
	expr : expr . GEQ expr  (76)
	expr : expr . AND expr  (77)
	expr : expr . OR expr  (78)
	expr : expr . ORANGE expr  (79)
	expr : expr . CRANGE expr  (80)

	PLUS  shift 52
	MINUS  shift 53
	TIMES  shift 54
	DIVIDE  shift 55
	MOD  shift 56
	RPAREN  reduce 75
	LBRACE  reduce 75
	RBRACKET  reduce 75
	COMMA  reduce 75
	SEMI  reduce 75
	EQ  reduce 75
	NEQ  reduce 75
	LT  reduce 75
	LEQ  reduce 75
	GT  reduce 75
	GEQ  reduce 75
	AND  reduce 75
	OR  reduce 75
	ORANGE  reduce 75
	CRANGE  reduce 75


state 95
	expr : expr . PLUS expr  (66)
	expr : expr . MINUS expr  (67)
	expr : expr . TIMES expr  (68)
	expr : expr . DIVIDE expr  (69)
	expr : expr . MOD expr  (70)
	expr : expr . EQ expr  (71)
	expr : expr . NEQ expr  (72)
	expr : expr . LT expr  (73)
	expr : expr . LEQ expr  (74)
	expr : expr . GT expr  (75)
	expr : expr . GEQ expr  (76)
	expr : expr GEQ expr .  (76)
	expr : expr . AND expr  (77)
	expr : expr . OR expr  (78)
	expr : expr . ORANGE expr  (79)
	expr : expr . CRANGE expr  (80)

	PLUS  shift 52
	MINUS  shift 53
	TIMES  shift 54
	DIVIDE  shift 55
	MOD  shift 56
	RPAREN  reduce 76
	LBRACE  reduce 76
	RBRACKET  reduce 76
	COMMA  reduce 76
	SEMI  reduce 76
	EQ  reduce 76
	NEQ  reduce 76
	LT  reduce 76
	LEQ  reduce 76
	GT  reduce 76
	GEQ  reduce 76
	AND  reduce 76
	OR  reduce 76
	ORANGE  reduce 76
	CRANGE  reduce 76


state 96
	expr : expr . PLUS expr  (66)
	expr : expr . MINUS expr  (67)
	expr : expr . TIMES expr  (68)
	expr : expr . DIVIDE expr  (69)
	expr : expr . MOD expr  (70)
	expr : expr . EQ expr  (71)
	expr : expr . NEQ expr  (72)
	expr : expr . LT expr  (73)
	expr : expr . LEQ expr  (74)
	expr : expr . GT expr  (75)
	expr : expr . GEQ expr  (76)
	expr : expr . AND expr  (77)
	expr : expr AND expr .  (77)
	expr : expr . OR expr  (78)
	expr : expr . ORANGE expr  (79)
	expr : expr . CRANGE expr  (80)

	PLUS  shift 52
	MINUS  shift 53
	TIMES  shift 54
	DIVIDE  shift 55
	MOD  shift 56
	EQ  shift 57
	NEQ  shift 58
	LT  shift 59
	LEQ  shift 60
	GT  shift 61
	GEQ  shift 62
	ORANGE  shift 65
	CRANGE  shift 66
	RPAREN  reduce 77
	LBRACE  reduce 77
	RBRACKET  reduce 77
	COMMA  reduce 77
	SEMI  reduce 77
	AND  reduce 77
	OR  reduce 77


state 97
	expr : expr . PLUS expr  (66)
	expr : expr . MINUS expr  (67)
	expr : expr . TIMES expr  (68)
	expr : expr . DIVIDE expr  (69)
	expr : expr . MOD expr  (70)
	expr : expr . EQ expr  (71)
	expr : expr . NEQ expr  (72)
	expr : expr . LT expr  (73)
	expr : expr . LEQ expr  (74)
	expr : expr . GT expr  (75)
	expr : expr . GEQ expr  (76)
	expr : expr . AND expr  (77)
	expr : expr . OR expr  (78)
	expr : expr OR expr .  (78)
	expr : expr . ORANGE expr  (79)
	expr : expr . CRANGE expr  (80)

	PLUS  shift 52
	MINUS  shift 53
	TIMES  shift 54
	DIVIDE  shift 55
	MOD  shift 56
	EQ  shift 57
	NEQ  shift 58
	LT  shift 59
	LEQ  shift 60
	GT  shift 61
	GEQ  shift 62
	AND  shift 63
	ORANGE  shift 65
	CRANGE  shift 66
	RPAREN  reduce 78
	LBRACE  reduce 78
	RBRACKET  reduce 78
	COMMA  reduce 78
	SEMI  reduce 78
	OR  reduce 78


state 98
	expr : expr . PLUS expr  (66)
	expr : expr . MINUS expr  (67)
	expr : expr . TIMES expr  (68)
	expr : expr . DIVIDE expr  (69)
	expr : expr . MOD expr  (70)
	expr : expr . EQ expr  (71)
	expr : expr . NEQ expr  (72)
	expr : expr . LT expr  (73)
	expr : expr . LEQ expr  (74)
	expr : expr . GT expr  (75)
	expr : expr . GEQ expr  (76)
	expr : expr . AND expr  (77)
	expr : expr . OR expr  (78)
	expr : expr . ORANGE expr  (79)
	expr : expr ORANGE expr .  (79)
	expr : expr . CRANGE expr  (80)

	PLUS  shift 52
	MINUS  shift 53
	TIMES  shift 54
	DIVIDE  shift 55
	MOD  shift 56
	RPAREN  reduce 79
	LBRACE  reduce 79
	RBRACKET  reduce 79
	COMMA  reduce 79
	SEMI  reduce 79
	EQ  reduce 79
	NEQ  reduce 79
	LT  reduce 79
	LEQ  reduce 79
	GT  reduce 79
	GEQ  reduce 79
	AND  reduce 79
	OR  reduce 79
	ORANGE  reduce 79
	CRANGE  reduce 79


state 99
	expr : expr . PLUS expr  (66)
	expr : expr . MINUS expr  (67)
	expr : expr . TIMES expr  (68)
	expr : expr . DIVIDE expr  (69)
	expr : expr . MOD expr  (70)
	expr : expr . EQ expr  (71)
	expr : expr . NEQ expr  (72)
	expr : expr . LT expr  (73)
	expr : expr . LEQ expr  (74)
	expr : expr . GT expr  (75)
	expr : expr . GEQ expr  (76)
	expr : expr . AND expr  (77)
	expr : expr . OR expr  (78)
	expr : expr . ORANGE expr  (79)
	expr : expr . CRANGE expr  (80)
	expr : expr CRANGE expr .  (80)

	PLUS  shift 52
	MINUS  shift 53
	TIMES  shift 54
	DIVIDE  shift 55
	MOD  shift 56
	RPAREN  reduce 80
	LBRACE  reduce 80
	RBRACKET  reduce 80
	COMMA  reduce 80
	SEMI  reduce 80
	EQ  reduce 80
	NEQ  reduce 80
	LT  reduce 80
	LEQ  reduce 80
	GT  reduce 80
	GEQ  reduce 80
	AND  reduce 80
	OR  reduce 80
	ORANGE  reduce 80
	CRANGE  reduce 80


state 100
	lit_list : lit_list COMMA literal .  (63)

	.  reduce 63


state 101
	typ : LBRACKET . typ RBRACKET  (35)

	LBRACKET  shift 101
	INT  shift 102
	FLOAT  shift 103
	CHAR  shift 104
	STRING  shift 105
	BOOL  shift 106
	ID  shift 107
	.  error

	typ  goto 126


state 102
	typ : INT .  (28)

	.  reduce 28


state 103
	typ : FLOAT .  (30)

	.  reduce 30


state 104
	typ : CHAR .  (31)

	.  reduce 31


state 105
	typ : STRING .  (32)

	.  reduce 32


state 106
	typ : BOOL .  (29)

	.  reduce 29


state 107
	typ : ID .  (34)

	.  reduce 34


state 108
	typ : typ . OPTIONAL  (33)
	stmt : LET ID COLON typ . ASSIGN expr SEMI  (40)

	ASSIGN  shift 127
	OPTIONAL  shift 128
	.  error


state 109
	typ : typ . OPTIONAL  (33)
	stmt : VAR ID COLON typ . ASSIGN expr SEMI  (39)

	ASSIGN  shift 129
	OPTIONAL  shift 128
	.  error


state 110
	stmt : IF LET ID COLON . typ ASSIGN expr LBRACE stmt_list RBRACE ELSE LBRACE stmt_list RBRACE  (44)

	LBRACKET  shift 101
	INT  shift 102
	FLOAT  shift 103
	CHAR  shift 104
	STRING  shift 105
	BOOL  shift 106
	ID  shift 107
	.  error

	typ  goto 130


state 111
	stmt_list : stmt_list . stmt  (37)
	stmt : IF expr LBRACE stmt_list . RBRACE  (42)
	stmt : IF expr LBRACE stmt_list . RBRACE ELSE LBRACE stmt_list RBRACE  (43)

	RBRACE  shift 131
	LBRACKET  shift 5
	MINUS  shift 6
	NOT  shift 7
	LET  shift 8
	VAR  shift 9
	IF  shift 10
	FOR  shift 11
	WHILE  shift 12
	RETURN  shift 13
	NIL  shift 14
	BOOLLIT  shift 18
	INTLIT  shift 19
	CHARLIT  shift 20
	FLOATLIT  shift 21
	STRINGLIT  shift 22
	ID  shift 23
	.  error

	stmt  goto 132
	expr  goto 29
	literal  goto 30


state 112
	stmt : FOR ID IN expr . LBRACE stmt_list RBRACE  (46)
	expr : expr . PLUS expr  (66)
	expr : expr . MINUS expr  (67)
	expr : expr . TIMES expr  (68)
	expr : expr . DIVIDE expr  (69)
	expr : expr . MOD expr  (70)
	expr : expr . EQ expr  (71)
	expr : expr . NEQ expr  (72)
	expr : expr . LT expr  (73)
	expr : expr . LEQ expr  (74)
	expr : expr . GT expr  (75)
	expr : expr . GEQ expr  (76)
	expr : expr . AND expr  (77)
	expr : expr . OR expr  (78)
	expr : expr . ORANGE expr  (79)
	expr : expr . CRANGE expr  (80)

	LBRACE  shift 133
	PLUS  shift 52
	MINUS  shift 53
	TIMES  shift 54
	DIVIDE  shift 55
	MOD  shift 56
	EQ  shift 57
	NEQ  shift 58
	LT  shift 59
	LEQ  shift 60
	GT  shift 61
	GEQ  shift 62
	AND  shift 63
	OR  shift 64
	ORANGE  shift 65
	CRANGE  shift 66
	.  error


state 113
	stmt_list : stmt_list . stmt  (37)
	stmt : WHILE expr LBRACE stmt_list . RBRACE  (45)

	RBRACE  shift 134
	LBRACKET  shift 5
	MINUS  shift 6
	NOT  shift 7
	LET  shift 8
	VAR  shift 9
	IF  shift 10
	FOR  shift 11
	WHILE  shift 12
	RETURN  shift 13
	NIL  shift 14
	BOOLLIT  shift 18
	INTLIT  shift 19
	CHARLIT  shift 20
	FLOATLIT  shift 21
	STRINGLIT  shift 22
	ID  shift 23
	.  error

	stmt  goto 132
	expr  goto 29
	literal  goto 30


state 114
	fields_list : VAR . ID COLON typ assign_opt SEMI  (16)

	ID  shift 135
	.  error


state 115
	cdefn : CLASS ID LBRACE fields_opt . init_list methods_opt RBRACE  (8)

	INIT  shift 136
	.  error

	init_list  goto 137


state 116
	fields_opt : fields_list .  (15)
	fields_list : fields_list . VAR ID COLON typ assign_opt SEMI  (17)

	VAR  shift 138
	INIT  reduce 15


state 117
	args_list : ID . COLON typ  (12)

	COLON  shift 139
	.  error


state 118
	fdefn : FUNC ID LPAREN args_opt . RPAREN ARROW typ LBRACE stmt_list RBRACE  (7)

	RPAREN  shift 140
	.  error


state 119
	args_opt : args_list .  (11)
	args_list : args_list . COMMA ID COLON typ  (13)

	COMMA  shift 141
	RPAREN  reduce 11


state 120
	case_list : CASE . ID SEMI  (26)

	ID  shift 142
	.  error


state 121
	edefn : ENUM ID LBRACE case_list . RBRACE  (9)
	case_list : case_list . CASE ID SEMI  (27)

	RBRACE  shift 143
	CASE  shift 144
	.  error


state 122
	expr : ID LPAREN expr_list_opt RPAREN .  (86)

	.  reduce 86


state 123
	expr_list : expr_list COMMA . expr  (52)

	LBRACKET  shift 5
	MINUS  shift 6
	NOT  shift 7
	NIL  shift 14
	BOOLLIT  shift 18
	INTLIT  shift 19
	CHARLIT  shift 20
	FLOATLIT  shift 21
	STRINGLIT  shift 22
	ID  shift 23
	.  error

	expr  goto 145
	literal  goto 30


state 124
	expr : ID LBRACKET expr RBRACKET .  (84)
	expr : ID LBRACKET expr RBRACKET . ASSIGN expr  (85)

	ASSIGN  shift 146
	RPAREN  reduce 84
	LBRACE  reduce 84
	RBRACKET  reduce 84
	COMMA  reduce 84
	SEMI  reduce 84
	PLUS  reduce 84
	MINUS  reduce 84
	TIMES  reduce 84
	DIVIDE  reduce 84
	MOD  reduce 84
	EQ  reduce 84
	NEQ  reduce 84
	LT  reduce 84
	LEQ  reduce 84
	GT  reduce 84
	GEQ  reduce 84
	AND  reduce 84
	OR  reduce 84
	ORANGE  reduce 84
	CRANGE  reduce 84


state 125
	expr : ID DOT ID LPAREN . expr_list_opt RPAREN  (87)
	expr_list_opt : .  (49)

	LBRACKET  shift 5
	MINUS  shift 6
	NOT  shift 7
	NIL  shift 14
	BOOLLIT  shift 18
	INTLIT  shift 19
	CHARLIT  shift 20
	FLOATLIT  shift 21
	STRINGLIT  shift 22
	ID  shift 23
	RPAREN  reduce 49

	expr  goto 79
	expr_list_opt  goto 147
	expr_list  goto 81
	literal  goto 30


state 126
	typ : typ . OPTIONAL  (33)
	typ : LBRACKET typ . RBRACKET  (35)

	RBRACKET  shift 148
	OPTIONAL  shift 128
	.  error


state 127
	stmt : LET ID COLON typ ASSIGN . expr SEMI  (40)

	LBRACKET  shift 5
	MINUS  shift 6
	NOT  shift 7
	NIL  shift 14
	BOOLLIT  shift 18
	INTLIT  shift 19
	CHARLIT  shift 20
	FLOATLIT  shift 21
	STRINGLIT  shift 22
	ID  shift 23
	.  error

	expr  goto 149
	literal  goto 30


state 128
	typ : typ OPTIONAL .  (33)

	.  reduce 33


state 129
	stmt : VAR ID COLON typ ASSIGN . expr SEMI  (39)

	LBRACKET  shift 5
	MINUS  shift 6
	NOT  shift 7
	NIL  shift 14
	BOOLLIT  shift 18
	INTLIT  shift 19
	CHARLIT  shift 20
	FLOATLIT  shift 21
	STRINGLIT  shift 22
	ID  shift 23
	.  error

	expr  goto 150
	literal  goto 30


state 130
	typ : typ . OPTIONAL  (33)
	stmt : IF LET ID COLON typ . ASSIGN expr LBRACE stmt_list RBRACE ELSE LBRACE stmt_list RBRACE  (44)

	ASSIGN  shift 151
	OPTIONAL  shift 128
	.  error


state 131
	stmt : IF expr LBRACE stmt_list RBRACE .  (42)
	stmt : IF expr LBRACE stmt_list RBRACE . ELSE LBRACE stmt_list RBRACE  (43)

	ELSE  shift 152
	RBRACE  reduce 42
	LBRACKET  reduce 42
	MINUS  reduce 42
	NOT  reduce 42
	LET  reduce 42
	VAR  reduce 42
	IF  reduce 42
	FOR  reduce 42
	WHILE  reduce 42
	RETURN  reduce 42
	NIL  reduce 42
	CLASS  reduce 42
	FUNC  reduce 42
	ENUM  reduce 42
	BOOLLIT  reduce 42
	INTLIT  reduce 42
	CHARLIT  reduce 42
	FLOATLIT  reduce 42
	STRINGLIT  reduce 42
	ID  reduce 42
	EOF  reduce 42


state 132
	stmt_list : stmt_list stmt .  (37)

	.  reduce 37


state 133
	stmt : FOR ID IN expr LBRACE . stmt_list RBRACE  (46)
	stmt_list : .  (36)

	.  reduce 36

	stmt_list  goto 153


state 134
	stmt : WHILE expr LBRACE stmt_list RBRACE .  (45)

	.  reduce 45


state 135
	fields_list : VAR ID . COLON typ assign_opt SEMI  (16)

	COLON  shift 154
	.  error


state 136
	init_list : INIT . LPAREN args_opt RPAREN LBRACE stmt_list RBRACE  (20)

	LPAREN  shift 155
	.  error


state 137
	cdefn : CLASS ID LBRACE fields_opt init_list . methods_opt RBRACE  (8)
	init_list : init_list . INIT LPAREN args_opt RPAREN LBRACE stmt_list RBRACE  (21)
	methods_opt : .  (22)

	INIT  shift 156
	FUNC  shift 16
	RBRACE  reduce 22

	fdefn  goto 157
	methods_opt  goto 158
	methods_list  goto 159


state 138
	fields_list : fields_list VAR . ID COLON typ assign_opt SEMI  (17)

	ID  shift 160
	.  error


state 139
	args_list : ID COLON . typ  (12)

	LBRACKET  shift 101
	INT  shift 102
	FLOAT  shift 103
	CHAR  shift 104
	STRING  shift 105
	BOOL  shift 106
	ID  shift 107
	.  error

	typ  goto 161


state 140
	fdefn : FUNC ID LPAREN args_opt RPAREN . ARROW typ LBRACE stmt_list RBRACE  (7)

	ARROW  shift 162
	.  error


state 141
	args_list : args_list COMMA . ID COLON typ  (13)

	ID  shift 163
	.  error


state 142
	case_list : CASE ID . SEMI  (26)

	SEMI  shift 164
	.  error


state 143
	edefn : ENUM ID LBRACE case_list RBRACE .  (9)

	.  reduce 9


state 144
	case_list : case_list CASE . ID SEMI  (27)

	ID  shift 165
	.  error


state 145
	expr_list : expr_list COMMA expr .  (52)
	expr : expr . PLUS expr  (66)
	expr : expr . MINUS expr  (67)
	expr : expr . TIMES expr  (68)
	expr : expr . DIVIDE expr  (69)
	expr : expr . MOD expr  (70)
	expr : expr . EQ expr  (71)
	expr : expr . NEQ expr  (72)
	expr : expr . LT expr  (73)
	expr : expr . LEQ expr  (74)
	expr : expr . GT expr  (75)
	expr : expr . GEQ expr  (76)
	expr : expr . AND expr  (77)
	expr : expr . OR expr  (78)
	expr : expr . ORANGE expr  (79)
	expr : expr . CRANGE expr  (80)

	PLUS  shift 52
	MINUS  shift 53
	TIMES  shift 54
	DIVIDE  shift 55
	MOD  shift 56
	EQ  shift 57
	NEQ  shift 58
	LT  shift 59
	LEQ  shift 60
	GT  shift 61
	GEQ  shift 62
	AND  shift 63
	OR  shift 64
	ORANGE  shift 65
	CRANGE  shift 66
	RPAREN  reduce 52
	COMMA  reduce 52


state 146
	expr : ID LBRACKET expr RBRACKET ASSIGN . expr  (85)

	LBRACKET  shift 5
	MINUS  shift 6
	NOT  shift 7
	NIL  shift 14
	BOOLLIT  shift 18
	INTLIT  shift 19
	CHARLIT  shift 20
	FLOATLIT  shift 21
	STRINGLIT  shift 22
	ID  shift 23
	.  error

	expr  goto 166
	literal  goto 30


state 147
	expr : ID DOT ID LPAREN expr_list_opt . RPAREN  (87)

	RPAREN  shift 167
	.  error


state 148
	typ : LBRACKET typ RBRACKET .  (35)

	.  reduce 35


state 149
	stmt : LET ID COLON typ ASSIGN expr . SEMI  (40)
	expr : expr . PLUS expr  (66)
	expr : expr . MINUS expr  (67)
	expr : expr . TIMES expr  (68)
	expr : expr . DIVIDE expr  (69)
	expr : expr . MOD expr  (70)
	expr : expr . EQ expr  (71)
	expr : expr . NEQ expr  (72)
	expr : expr . LT expr  (73)
	expr : expr . LEQ expr  (74)
	expr : expr . GT expr  (75)
	expr : expr . GEQ expr  (76)
	expr : expr . AND expr  (77)
	expr : expr . OR expr  (78)
	expr : expr . ORANGE expr  (79)
	expr : expr . CRANGE expr  (80)

	SEMI  shift 168
	PLUS  shift 52
	MINUS  shift 53
	TIMES  shift 54
	DIVIDE  shift 55
	MOD  shift 56
	EQ  shift 57
	NEQ  shift 58
	LT  shift 59
	LEQ  shift 60
	GT  shift 61
	GEQ  shift 62
	AND  shift 63
	OR  shift 64
	ORANGE  shift 65
	CRANGE  shift 66
	.  error


state 150
	stmt : VAR ID COLON typ ASSIGN expr . SEMI  (39)
	expr : expr . PLUS expr  (66)
	expr : expr . MINUS expr  (67)
	expr : expr . TIMES expr  (68)
	expr : expr . DIVIDE expr  (69)
	expr : expr . MOD expr  (70)
	expr : expr . EQ expr  (71)
	expr : expr . NEQ expr  (72)
	expr : expr . LT expr  (73)
	expr : expr . LEQ expr  (74)
	expr : expr . GT expr  (75)
	expr : expr . GEQ expr  (76)
	expr : expr . AND expr  (77)
	expr : expr . OR expr  (78)
	expr : expr . ORANGE expr  (79)
	expr : expr . CRANGE expr  (80)

	SEMI  shift 169
	PLUS  shift 52
	MINUS  shift 53
	TIMES  shift 54
	DIVIDE  shift 55
	MOD  shift 56
	EQ  shift 57
	NEQ  shift 58
	LT  shift 59
	LEQ  shift 60
	GT  shift 61
	GEQ  shift 62
	AND  shift 63
	OR  shift 64
	ORANGE  shift 65
	CRANGE  shift 66
	.  error


state 151
	stmt : IF LET ID COLON typ ASSIGN . expr LBRACE stmt_list RBRACE ELSE LBRACE stmt_list RBRACE  (44)

	LBRACKET  shift 5
	MINUS  shift 6
	NOT  shift 7
	NIL  shift 14
	BOOLLIT  shift 18
	INTLIT  shift 19
	CHARLIT  shift 20
	FLOATLIT  shift 21
	STRINGLIT  shift 22
	ID  shift 23
	.  error

	expr  goto 170
	literal  goto 30


state 152
	stmt : IF expr LBRACE stmt_list RBRACE ELSE . LBRACE stmt_list RBRACE  (43)

	LBRACE  shift 171
	.  error


state 153
	stmt_list : stmt_list . stmt  (37)
	stmt : FOR ID IN expr LBRACE stmt_list . RBRACE  (46)

	RBRACE  shift 172
	LBRACKET  shift 5
	MINUS  shift 6
	NOT  shift 7
	LET  shift 8
	VAR  shift 9
	IF  shift 10
	FOR  shift 11
	WHILE  shift 12
	RETURN  shift 13
	NIL  shift 14
	BOOLLIT  shift 18
	INTLIT  shift 19
	CHARLIT  shift 20
	FLOATLIT  shift 21
	STRINGLIT  shift 22
	ID  shift 23
	.  error

	stmt  goto 132
	expr  goto 29
	literal  goto 30


state 154
	fields_list : VAR ID COLON . typ assign_opt SEMI  (16)

	LBRACKET  shift 101
	INT  shift 102
	FLOAT  shift 103
	CHAR  shift 104
	STRING  shift 105
	BOOL  shift 106
	ID  shift 107
	.  error

	typ  goto 173


state 155
	init_list : INIT LPAREN . args_opt RPAREN LBRACE stmt_list RBRACE  (20)
	args_opt : .  (10)

	ID  shift 117
	RPAREN  reduce 10

	args_opt  goto 174
	args_list  goto 119


state 156
	init_list : init_list INIT . LPAREN args_opt RPAREN LBRACE stmt_list RBRACE  (21)

	LPAREN  shift 175
	.  error


state 157
	methods_list : fdefn .  (24)

	.  reduce 24


state 158
	cdefn : CLASS ID LBRACE fields_opt init_list methods_opt . RBRACE  (8)

	RBRACE  shift 176
	.  error


state 159
	methods_opt : methods_list .  (23)
	methods_list : methods_list . fdefn  (25)

	FUNC  shift 16
	RBRACE  reduce 23

	fdefn  goto 177


state 160
	fields_list : fields_list VAR ID . COLON typ assign_opt SEMI  (17)

	COLON  shift 178
	.  error


state 161
	args_list : ID COLON typ .  (12)
	typ : typ . OPTIONAL  (33)

	OPTIONAL  shift 128
	RPAREN  reduce 12
	COMMA  reduce 12


state 162
	fdefn : FUNC ID LPAREN args_opt RPAREN ARROW . typ LBRACE stmt_list RBRACE  (7)

	LBRACKET  shift 101
	INT  shift 102
	FLOAT  shift 103
	CHAR  shift 104
	STRING  shift 105
	BOOL  shift 106
	ID  shift 107
	.  error

	typ  goto 179


state 163
	args_list : args_list COMMA ID . COLON typ  (13)

	COLON  shift 180
	.  error


state 164
	case_list : CASE ID SEMI .  (26)

	.  reduce 26


state 165
	case_list : case_list CASE ID . SEMI  (27)

	SEMI  shift 181
	.  error


state 166
	expr : expr . PLUS expr  (66)
	expr : expr . MINUS expr  (67)
	expr : expr . TIMES expr  (68)
	expr : expr . DIVIDE expr  (69)
	expr : expr . MOD expr  (70)
	expr : expr . EQ expr  (71)
	expr : expr . NEQ expr  (72)
	expr : expr . LT expr  (73)
	expr : expr . LEQ expr  (74)
	expr : expr . GT expr  (75)
	expr : expr . GEQ expr  (76)
	expr : expr . AND expr  (77)
	expr : expr . OR expr  (78)
	expr : expr . ORANGE expr  (79)
	expr : expr . CRANGE expr  (80)
	expr : ID LBRACKET expr RBRACKET ASSIGN expr .  (85)

	PLUS  shift 52
	MINUS  shift 53
	TIMES  shift 54
	DIVIDE  shift 55
	MOD  shift 56
	EQ  shift 57
	NEQ  shift 58
	LT  shift 59
	LEQ  shift 60
	GT  shift 61
	GEQ  shift 62
	AND  shift 63
	OR  shift 64
	ORANGE  shift 65
	CRANGE  shift 66
	RPAREN  reduce 85
	LBRACE  reduce 85
	RBRACKET  reduce 85
	COMMA  reduce 85
	SEMI  reduce 85


state 167
	expr : ID DOT ID LPAREN expr_list_opt RPAREN .  (87)

	.  reduce 87


state 168
	stmt : LET ID COLON typ ASSIGN expr SEMI .  (40)

	.  reduce 40


state 169
	stmt : VAR ID COLON typ ASSIGN expr SEMI .  (39)

	.  reduce 39


state 170
	stmt : IF LET ID COLON typ ASSIGN expr . LBRACE stmt_list RBRACE ELSE LBRACE stmt_list RBRACE  (44)
	expr : expr . PLUS expr  (66)
	expr : expr . MINUS expr  (67)
	expr : expr . TIMES expr  (68)
	expr : expr . DIVIDE expr  (69)
	expr : expr . MOD expr  (70)
	expr : expr . EQ expr  (71)
	expr : expr . NEQ expr  (72)
	expr : expr . LT expr  (73)
	expr : expr . LEQ expr  (74)
	expr : expr . GT expr  (75)
	expr : expr . GEQ expr  (76)
	expr : expr . AND expr  (77)
	expr : expr . OR expr  (78)
	expr : expr . ORANGE expr  (79)
	expr : expr . CRANGE expr  (80)

	LBRACE  shift 182
	PLUS  shift 52
	MINUS  shift 53
	TIMES  shift 54
	DIVIDE  shift 55
	MOD  shift 56
	EQ  shift 57
	NEQ  shift 58
	LT  shift 59
	LEQ  shift 60
	GT  shift 61
	GEQ  shift 62
	AND  shift 63
	OR  shift 64
	ORANGE  shift 65
	CRANGE  shift 66
	.  error


state 171
	stmt : IF expr LBRACE stmt_list RBRACE ELSE LBRACE . stmt_list RBRACE  (43)
	stmt_list : .  (36)

	.  reduce 36

	stmt_list  goto 183


state 172
	stmt : FOR ID IN expr LBRACE stmt_list RBRACE .  (46)

	.  reduce 46


state 173
	fields_list : VAR ID COLON typ . assign_opt SEMI  (16)
	typ : typ . OPTIONAL  (33)
	assign_opt : .  (18)

	ASSIGN  shift 184
	OPTIONAL  shift 128
	SEMI  reduce 18

	assign_opt  goto 185


state 174
	init_list : INIT LPAREN args_opt . RPAREN LBRACE stmt_list RBRACE  (20)

	RPAREN  shift 186
	.  error


state 175
	init_list : init_list INIT LPAREN . args_opt RPAREN LBRACE stmt_list RBRACE  (21)
	args_opt : .  (10)

	ID  shift 117
	RPAREN  reduce 10

	args_opt  goto 187
	args_list  goto 119


state 176
	cdefn : CLASS ID LBRACE fields_opt init_list methods_opt RBRACE .  (8)

	.  reduce 8


state 177
	methods_list : methods_list fdefn .  (25)

	.  reduce 25


state 178
	fields_list : fields_list VAR ID COLON . typ assign_opt SEMI  (17)

	LBRACKET  shift 101
	INT  shift 102
	FLOAT  shift 103
	CHAR  shift 104
	STRING  shift 105
	BOOL  shift 106
	ID  shift 107
	.  error

	typ  goto 188


state 179
	fdefn : FUNC ID LPAREN args_opt RPAREN ARROW typ . LBRACE stmt_list RBRACE  (7)
	typ : typ . OPTIONAL  (33)

	LBRACE  shift 189
	OPTIONAL  shift 128
	.  error


state 180
	args_list : args_list COMMA ID COLON . typ  (13)

	LBRACKET  shift 101
	INT  shift 102
	FLOAT  shift 103
	CHAR  shift 104
	STRING  shift 105
	BOOL  shift 106
	ID  shift 107
	.  error

	typ  goto 190


state 181
	case_list : case_list CASE ID SEMI .  (27)

	.  reduce 27


state 182
	stmt : IF LET ID COLON typ ASSIGN expr LBRACE . stmt_list RBRACE ELSE LBRACE stmt_list RBRACE  (44)
	stmt_list : .  (36)

	.  reduce 36

	stmt_list  goto 191


state 183
	stmt_list : stmt_list . stmt  (37)
	stmt : IF expr LBRACE stmt_list RBRACE ELSE LBRACE stmt_list . RBRACE  (43)

	RBRACE  shift 192
	LBRACKET  shift 5
	MINUS  shift 6
	NOT  shift 7
	LET  shift 8
	VAR  shift 9
	IF  shift 10
	FOR  shift 11
	WHILE  shift 12
	RETURN  shift 13
	NIL  shift 14
	BOOLLIT  shift 18
	INTLIT  shift 19
	CHARLIT  shift 20
	FLOATLIT  shift 21
	STRINGLIT  shift 22
	ID  shift 23
	.  error

	stmt  goto 132
	expr  goto 29
	literal  goto 30


state 184
	assign_opt : ASSIGN . expr  (19)

	LBRACKET  shift 5
	MINUS  shift 6
	NOT  shift 7
	NIL  shift 14
	BOOLLIT  shift 18
	INTLIT  shift 19
	CHARLIT  shift 20
	FLOATLIT  shift 21
	STRINGLIT  shift 22
	ID  shift 23
	.  error

	expr  goto 193
	literal  goto 30


state 185
	fields_list : VAR ID COLON typ assign_opt . SEMI  (16)

	SEMI  shift 194
	.  error


state 186
	init_list : INIT LPAREN args_opt RPAREN . LBRACE stmt_list RBRACE  (20)

	LBRACE  shift 195
	.  error


state 187
	init_list : init_list INIT LPAREN args_opt . RPAREN LBRACE stmt_list RBRACE  (21)

	RPAREN  shift 196
	.  error


state 188
	fields_list : fields_list VAR ID COLON typ . assign_opt SEMI  (17)
	typ : typ . OPTIONAL  (33)
	assign_opt : .  (18)

	ASSIGN  shift 184
	OPTIONAL  shift 128
	SEMI  reduce 18

	assign_opt  goto 197


state 189
	fdefn : FUNC ID LPAREN args_opt RPAREN ARROW typ LBRACE . stmt_list RBRACE  (7)
	stmt_list : .  (36)

	.  reduce 36

	stmt_list  goto 198


state 190
	args_list : args_list COMMA ID COLON typ .  (13)
	typ : typ . OPTIONAL  (33)

	OPTIONAL  shift 128
	RPAREN  reduce 13
	COMMA  reduce 13


state 191
	stmt_list : stmt_list . stmt  (37)
	stmt : IF LET ID COLON typ ASSIGN expr LBRACE stmt_list . RBRACE ELSE LBRACE stmt_list RBRACE  (44)

	RBRACE  shift 199
	LBRACKET  shift 5
	MINUS  shift 6
	NOT  shift 7
	LET  shift 8
	VAR  shift 9
	IF  shift 10
	FOR  shift 11
	WHILE  shift 12
	RETURN  shift 13
	NIL  shift 14
	BOOLLIT  shift 18
	INTLIT  shift 19
	CHARLIT  shift 20
	FLOATLIT  shift 21
	STRINGLIT  shift 22
	ID  shift 23
	.  error

	stmt  goto 132
	expr  goto 29
	literal  goto 30


state 192
	stmt : IF expr LBRACE stmt_list RBRACE ELSE LBRACE stmt_list RBRACE .  (43)

	.  reduce 43


state 193
	assign_opt : ASSIGN expr .  (19)
	expr : expr . PLUS expr  (66)
	expr : expr . MINUS expr  (67)
	expr : expr . TIMES expr  (68)
	expr : expr . DIVIDE expr  (69)
	expr : expr . MOD expr  (70)
	expr : expr . EQ expr  (71)
	expr : expr . NEQ expr  (72)
	expr : expr . LT expr  (73)
	expr : expr . LEQ expr  (74)
	expr : expr . GT expr  (75)
	expr : expr . GEQ expr  (76)
	expr : expr . AND expr  (77)
	expr : expr . OR expr  (78)
	expr : expr . ORANGE expr  (79)
	expr : expr . CRANGE expr  (80)

	PLUS  shift 52
	MINUS  shift 53
	TIMES  shift 54
	DIVIDE  shift 55
	MOD  shift 56
	EQ  shift 57
	NEQ  shift 58
	LT  shift 59
	LEQ  shift 60
	GT  shift 61
	GEQ  shift 62
	AND  shift 63
	OR  shift 64
	ORANGE  shift 65
	CRANGE  shift 66
	SEMI  reduce 19


state 194
	fields_list : VAR ID COLON typ assign_opt SEMI .  (16)

	.  reduce 16


state 195
	init_list : INIT LPAREN args_opt RPAREN LBRACE . stmt_list RBRACE  (20)
	stmt_list : .  (36)

	.  reduce 36

	stmt_list  goto 200


state 196
	init_list : init_list INIT LPAREN args_opt RPAREN . LBRACE stmt_list RBRACE  (21)

	LBRACE  shift 201
	.  error


state 197
	fields_list : fields_list VAR ID COLON typ assign_opt . SEMI  (17)

	SEMI  shift 202
	.  error


state 198
	fdefn : FUNC ID LPAREN args_opt RPAREN ARROW typ LBRACE stmt_list . RBRACE  (7)
	stmt_list : stmt_list . stmt  (37)

	RBRACE  shift 203
	LBRACKET  shift 5
	MINUS  shift 6
	NOT  shift 7
	LET  shift 8
	VAR  shift 9
	IF  shift 10
	FOR  shift 11
	WHILE  shift 12
	RETURN  shift 13
	NIL  shift 14
	BOOLLIT  shift 18
	INTLIT  shift 19
	CHARLIT  shift 20
	FLOATLIT  shift 21
	STRINGLIT  shift 22
	ID  shift 23
	.  error

	stmt  goto 132
	expr  goto 29
	literal  goto 30


state 199
	stmt : IF LET ID COLON typ ASSIGN expr LBRACE stmt_list RBRACE . ELSE LBRACE stmt_list RBRACE  (44)

	ELSE  shift 204
	.  error


state 200
	init_list : INIT LPAREN args_opt RPAREN LBRACE stmt_list . RBRACE  (20)
	stmt_list : stmt_list . stmt  (37)

	RBRACE  shift 205
	LBRACKET  shift 5
	MINUS  shift 6
	NOT  shift 7
	LET  shift 8
	VAR  shift 9
	IF  shift 10
	FOR  shift 11
	WHILE  shift 12
	RETURN  shift 13
	NIL  shift 14
	BOOLLIT  shift 18
	INTLIT  shift 19
	CHARLIT  shift 20
	FLOATLIT  shift 21
	STRINGLIT  shift 22
	ID  shift 23
	.  error

	stmt  goto 132
	expr  goto 29
	literal  goto 30


state 201
	init_list : init_list INIT LPAREN args_opt RPAREN LBRACE . stmt_list RBRACE  (21)
	stmt_list : .  (36)

	.  reduce 36

	stmt_list  goto 206


state 202
	fields_list : fields_list VAR ID COLON typ assign_opt SEMI .  (17)

	.  reduce 17


state 203
	fdefn : FUNC ID LPAREN args_opt RPAREN ARROW typ LBRACE stmt_list RBRACE .  (7)

	.  reduce 7


state 204
	stmt : IF LET ID COLON typ ASSIGN expr LBRACE stmt_list RBRACE ELSE . LBRACE stmt_list RBRACE  (44)

	LBRACE  shift 207
	.  error


state 205
	init_list : INIT LPAREN args_opt RPAREN LBRACE stmt_list RBRACE .  (20)

	.  reduce 20


state 206
	init_list : init_list INIT LPAREN args_opt RPAREN LBRACE stmt_list . RBRACE  (21)
	stmt_list : stmt_list . stmt  (37)

	RBRACE  shift 208
	LBRACKET  shift 5
	MINUS  shift 6
	NOT  shift 7
	LET  shift 8
	VAR  shift 9
	IF  shift 10
	FOR  shift 11
	WHILE  shift 12
	RETURN  shift 13
	NIL  shift 14
	BOOLLIT  shift 18
	INTLIT  shift 19
	CHARLIT  shift 20
	FLOATLIT  shift 21
	STRINGLIT  shift 22
	ID  shift 23
	.  error

	stmt  goto 132
	expr  goto 29
	literal  goto 30


state 207
	stmt : IF LET ID COLON typ ASSIGN expr LBRACE stmt_list RBRACE ELSE LBRACE . stmt_list RBRACE  (44)
	stmt_list : .  (36)

	.  reduce 36

	stmt_list  goto 209


state 208
	init_list : init_list INIT LPAREN args_opt RPAREN LBRACE stmt_list RBRACE .  (21)

	.  reduce 21


state 209
	stmt_list : stmt_list . stmt  (37)
	stmt : IF LET ID COLON typ ASSIGN expr LBRACE stmt_list RBRACE ELSE LBRACE stmt_list . RBRACE  (44)

	RBRACE  shift 210
	LBRACKET  shift 5
	MINUS  shift 6
	NOT  shift 7
	LET  shift 8
	VAR  shift 9
	IF  shift 10
	FOR  shift 11
	WHILE  shift 12
	RETURN  shift 13
	NIL  shift 14
	BOOLLIT  shift 18
	INTLIT  shift 19
	CHARLIT  shift 20
	FLOATLIT  shift 21
	STRINGLIT  shift 22
	ID  shift 23
	.  error

	stmt  goto 132
	expr  goto 29
	literal  goto 30


state 210
	stmt : IF LET ID COLON typ ASSIGN expr LBRACE stmt_list RBRACE ELSE LBRACE stmt_list RBRACE .  (44)

	.  reduce 44


61 terminals, 26 nonterminals
90 grammar rules, 211 states
